c:\users\dillon kyle\source\repos\flatengine\bin-int\debug-x64\flatengine\vc143.pdb
c:\users\dillon kyle\source\repos\flatengine\bin-int\debug-x64\flatengine\vc143.idb
c:\users\dillon kyle\source\repos\flatengine\bin-int\debug-x64\flatengine\transform.obj
c:\users\dillon kyle\source\repos\flatengine\bin-int\debug-x64\flatengine\texturemanager.obj
c:\users\dillon kyle\source\repos\flatengine\bin-int\debug-x64\flatengine\texture.obj
c:\users\dillon kyle\source\repos\flatengine\bin-int\debug-x64\flatengine\sprite.obj
c:\users\dillon kyle\source\repos\flatengine\bin-int\debug-x64\flatengine\gameobjectmanager.obj
c:\users\dillon kyle\source\repos\flatengine\bin-int\debug-x64\flatengine\gameobject.obj
c:\users\dillon kyle\source\repos\flatengine\bin-int\debug-x64\flatengine\flatgui.obj
c:\users\dillon kyle\source\repos\flatengine\bin-int\debug-x64\flatengine\flatengine.obj
c:\users\dillon kyle\source\repos\flatengine\bin-int\debug-x64\flatengine\component.obj
c:\users\dillon kyle\source\repos\flatengine\bin-int\debug-x64\flatengine\button.obj
c:\users\dillon kyle\source\repos\flatengine\bin-int\debug-x64\flatengine\application.obj
c:\users\dillon kyle\source\repos\flatengine\bin-int\debug-x64\flatengine\imgui_widgets.obj
c:\users\dillon kyle\source\repos\flatengine\bin-int\debug-x64\flatengine\imgui_tables.obj
c:\users\dillon kyle\source\repos\flatengine\bin-int\debug-x64\flatengine\imgui_draw.obj
c:\users\dillon kyle\source\repos\flatengine\bin-int\debug-x64\flatengine\imgui_demo.obj
c:\users\dillon kyle\source\repos\flatengine\bin-int\debug-x64\flatengine\imgui.obj
c:\users\dillon kyle\source\repos\flatengine\bin-int\debug-x64\flatengine\imgui_impl_sdlrenderer2.obj
c:\users\dillon kyle\source\repos\flatengine\bin-int\debug-x64\flatengine\imgui_impl_sdl2.obj
c:\users\dillon kyle\source\repos\flatengine\bin-int\debug-x64\flatengine\imgui_impl_dx12.obj
c:\users\dillon kyle\source\repos\flatengine\bin-int\debug-x64\flatengine\main.obj
c:\users\dillon kyle\source\repos\flatengine\bin-int\debug-x64\flatengine\window.obj
c:\users\dillon kyle\source\repos\flatengine\bin-int\debug-x64\flatengine\vector2.obj
c:\users\dillon kyle\source\repos\flatengine\bin-int\debug-x64\flatengine\flatengine.ilk
c:\users\dillon kyle\source\repos\flatengine\bin\debug-x64\flatengine\flatengine.exe
c:\users\dillon kyle\source\repos\flatengine\bin\debug-x64\flatengine\flatengine.pdb
c:\users\dillon kyle\source\repos\flatengine\\bin\debug-x64\flatengine\flatengine.pdb
c:\users\dillon kyle\source\repos\flatengine\\bin-int\debug-x64\flatengine\windowsapplication.vcxproj.filelistabsolute.txt
c:\users\dillon kyle\source\repos\flatengine\bin-int\debug-x64\flatengine\flatengine.tlog\cl.command.1.tlog
c:\users\dillon kyle\source\repos\flatengine\bin-int\debug-x64\flatengine\flatengine.tlog\cl.items.tlog
c:\users\dillon kyle\source\repos\flatengine\bin-int\debug-x64\flatengine\flatengine.tlog\cl.read.1.tlog
c:\users\dillon kyle\source\repos\flatengine\bin-int\debug-x64\flatengine\flatengine.tlog\cl.write.1.tlog
c:\users\dillon kyle\source\repos\flatengine\bin-int\debug-x64\flatengine\flatengine.tlog\link.command.1.tlog
c:\users\dillon kyle\source\repos\flatengine\bin-int\debug-x64\flatengine\flatengine.tlog\link.read.1.tlog
c:\users\dillon kyle\source\repos\flatengine\bin-int\debug-x64\flatengine\flatengine.tlog\link.write.1.tlog
